<?xml version="1.0" encoding="UTF-8"?>
<!-- Generated by org.testng.reporters.JUnitReportReporter -->
<testsuite hostname="IBM-9YD52F3" name="IBMFullStack.assignment.petsetoreUser" tests="6" failures="0" timestamp="4 Jul 2022 05:16:14 GMT" time="11.894" errors="0">
  <testcase name="loginUser" time="2.592" classname="IBMFullStack.assignment.petsetoreUser"/>
  <testcase name="modifyUser" time="1.324" classname="IBMFullStack.assignment.petsetoreUser"/>
  <testcase name="getUser" time="2.596" classname="IBMFullStack.assignment.petsetoreUser"/>
  <testcase name="createUser" time="2.708" classname="IBMFullStack.assignment.petsetoreUser"/>
  <testcase name="deleteUser" time="1.319" classname="IBMFullStack.assignment.petsetoreUser"/>
  <testcase name="createUser" time="1.355" classname="IBMFullStack.assignment.petsetoreUser"/>
</testsuite> <!-- IBMFullStack.assignment.petsetoreUser -->
