<?xml version="1.0" encoding="UTF-8"?>
<!-- Generated by org.testng.reporters.JUnitReportReporter -->
<testsuite hostname="IBM-9YD52F3" name="IBMFullStack.assignment.petsetoreUser" tests="1" failures="0" timestamp="1 Jul 2022 10:41:57 GMT" time="3.600" errors="0">
  <testcase name="deleteUser" time="3.600" classname="IBMFullStack.assignment.petsetoreUser"/>
</testsuite> <!-- IBMFullStack.assignment.petsetoreUser -->
